-------------------------------------------------------------------------------
Test set: com.prueba.prueba.ControllerTest.HelloWorldControllerTest
-------------------------------------------------------------------------------
Tests run: 2, Failures: 1, Errors: 0, Skipped: 0, Time elapsed: 4.765 s <<< FAILURE! - in com.prueba.prueba.ControllerTest.HelloWorldControllerTest
testHelloWorld  Time elapsed: 0.018 s  <<< FAILURE!
java.lang.AssertionError: Response content expected:<hola mundoss> but was:<hola mundo>
	at com.prueba.prueba.ControllerTest.HelloWorldControllerTest.testHelloWorld(HelloWorldControllerTest.java:37)

