-------------------------------------------------------------------------------
Test set: com.prueba.prueba.ControllerTest.HelloWorldControllerTest
-------------------------------------------------------------------------------
Tests run: 2, Failures: 1, Errors: 0, Skipped: 0, Time elapsed: 4.409 s <<< FAILURE! - in com.prueba.prueba.ControllerTest.HelloWorldControllerTest
testDespedida  Time elapsed: 0.172 s  <<< FAILURE!
java.lang.AssertionError: Response content expected:<adios!> but was:<adioss!>
	at com.prueba.prueba.ControllerTest.HelloWorldControllerTest.testDespedida(HelloWorldControllerTest.java:44)

