<?xml version="1.0" encoding="UTF-8"?>
<testsuite xmlns:xsi="http://www.w3.org/2001/XMLSchema-instance" xsi:noNamespaceSchemaLocation="https://maven.apache.org/surefire/maven-surefire-plugin/xsd/surefire-test-report.xsd" name="com.prueba.prueba.ControllerTest.HelloWorldControllerTest" time="4.409" tests="2" errors="0" skipped="0" failures="1">
  <properties>
[...]
</properties>
  <testcase name="testDespedida" classname="com.prueba.prueba.ControllerTest.HelloWorldControllerTest" time="0.172">
    <failure message="Response content expected:&lt;adios!&gt; but was:&lt;adioss!&gt;" type="java.lang.AssertionError"><![CDATA[java.lang.AssertionError: Response content expected:<adios!> but was:<adioss!>
	at com.prueba.prueba.ControllerTest.HelloWorldControllerTest.testDespedida(HelloWorldControllerTest.java:44)
]]></failure>
    <system-out><![CDATA[19:29:57.183 [main] DEBUG org.springframework.test.context.BootstrapUtils - Instantiating CacheAwareContextLoaderDelegate from class [org.springframework.test.context.cache.DefaultCacheAwareContextLoaderDelegate]
19:29:57.196 [main] DEBUG org.springframework.test.context.BootstrapUtils - Instantiating BootstrapContext using constructor [public org.springframework.test.context.support.DefaultBootstrapContext(java.lang.Class,org.springframework.test.context.CacheAwareContextLoaderDelegate)]
19:29:57.235 [main] DEBUG org.springframework.test.context.BootstrapUtils - Instantiating TestContextBootstrapper for test class [com.prueba.prueba.ControllerTest.HelloWorldControllerTest] from class [org.springframework.boot.test.context.SpringBootTestContextBootstrapper]
19:29:57.250 [main] INFO org.springframework.boot.test.context.SpringBootTestContextBootstrapper - Neither @ContextConfiguration nor @ContextHierarchy found for test class [com.prueba.prueba.ControllerTest.HelloWorldControllerTest], using SpringBootContextLoader
19:29:57.255 [main] DEBUG org.springframework.test.context.support.AbstractContextLoader - Did not detect default resource location for test class [com.prueba.prueba.ControllerTest.HelloWorldControllerTest]: class path resource [com/prueba/prueba/ControllerTest/HelloWorldControllerTest-context.xml] does not exist
19:29:57.255 [main] DEBUG org.springframework.test.context.support.AbstractContextLoader - Did not detect default resource location for test class [com.prueba.prueba.ControllerTest.HelloWorldControllerTest]: class path resource [com/prueba/prueba/ControllerTest/HelloWorldControllerTestContext.groovy] does not exist
19:29:57.255 [main] INFO org.springframework.test.context.support.AbstractContextLoader - Could not detect default resource locations for test class [com.prueba.prueba.ControllerTest.HelloWorldControllerTest]: no resource found for suffixes {-context.xml, Context.groovy}.
19:29:57.256 [main] INFO org.springframework.test.context.support.AnnotationConfigContextLoaderUtils - Could not detect default configuration classes for test class [com.prueba.prueba.ControllerTest.HelloWorldControllerTest]: HelloWorldControllerTest does not declare any static, non-private, non-final, nested classes annotated with @Configuration.
19:29:57.326 [main] DEBUG org.springframework.test.context.support.ActiveProfilesUtils - Could not find an 'annotation declaring class' for annotation type [org.springframework.test.context.ActiveProfiles] and class [com.prueba.prueba.ControllerTest.HelloWorldControllerTest]
19:29:57.397 [main] DEBUG org.springframework.context.annotation.ClassPathScanningCandidateComponentProvider - Identified candidate component class: file [C:\Users\Temple\Desktop\pruebaS\target\classes\com\prueba\prueba\PruebaApplication.class]
19:29:57.398 [main] INFO org.springframework.boot.test.context.SpringBootTestContextBootstrapper - Found @SpringBootConfiguration com.prueba.prueba.PruebaApplication for test class com.prueba.prueba.ControllerTest.HelloWorldControllerTest
19:29:57.511 [main] DEBUG org.springframework.boot.test.context.SpringBootTestContextBootstrapper - @TestExecutionListeners is not present for class [com.prueba.prueba.ControllerTest.HelloWorldControllerTest]: using defaults.
19:29:57.512 [main] INFO org.springframework.boot.test.context.SpringBootTestContextBootstrapper - Loaded default TestExecutionListener class names from location [META-INF/spring.factories]: [org.springframework.boot.test.mock.mockito.MockitoTestExecutionListener, org.springframework.boot.test.mock.mockito.ResetMocksTestExecutionListener, org.springframework.boot.test.autoconfigure.restdocs.RestDocsTestExecutionListener, org.springframework.boot.test.autoconfigure.web.client.MockRestServiceServerResetTestExecutionListener, org.springframework.boot.test.autoconfigure.web.servlet.MockMvcPrintOnlyOnFailureTestExecutionListener, org.springframework.boot.test.autoconfigure.web.servlet.WebDriverTestExecutionListener, org.springframework.boot.test.autoconfigure.webservices.client.MockWebServiceServerTestExecutionListener, org.springframework.test.context.web.ServletTestExecutionListener, org.springframework.test.context.support.DirtiesContextBeforeModesTestExecutionListener, org.springframework.test.context.event.ApplicationEventsTestExecutionListener, org.springframework.test.context.support.DependencyInjectionTestExecutionListener, org.springframework.test.context.support.DirtiesContextTestExecutionListener, org.springframework.test.context.transaction.TransactionalTestExecutionListener, org.springframework.test.context.jdbc.SqlScriptsTestExecutionListener, org.springframework.test.context.event.EventPublishingTestExecutionListener]
19:29:57.536 [main] INFO org.springframework.boot.test.context.SpringBootTestContextBootstrapper - Using TestExecutionListeners: [org.springframework.test.context.web.ServletTestExecutionListener@69c81773, org.springframework.test.context.support.DirtiesContextBeforeModesTestExecutionListener@4d14b6c2, org.springframework.test.context.event.ApplicationEventsTestExecutionListener@7e990ed7, org.springframework.boot.test.mock.mockito.MockitoTestExecutionListener@c05fddc, org.springframework.boot.test.autoconfigure.SpringBootDependencyInjectionTestExecutionListener@25df00a0, org.springframework.test.context.support.DirtiesContextTestExecutionListener@4d15107f, org.springframework.test.context.transaction.TransactionalTestExecutionListener@7b4c50bc, org.springframework.test.context.jdbc.SqlScriptsTestExecutionListener@5884a914, org.springframework.test.context.event.EventPublishingTestExecutionListener@50378a4, org.springframework.boot.test.mock.mockito.ResetMocksTestExecutionListener@60f00693, org.springframework.boot.test.autoconfigure.restdocs.RestDocsTestExecutionListener@79207381, org.springframework.boot.test.autoconfigure.web.client.MockRestServiceServerResetTestExecutionListener@491b9b8, org.springframework.boot.test.autoconfigure.web.servlet.MockMvcPrintOnlyOnFailureTestExecutionListener@1a4927d6, org.springframework.boot.test.autoconfigure.web.servlet.WebDriverTestExecutionListener@7a6d7e92, org.springframework.boot.test.autoconfigure.webservices.client.MockWebServiceServerTestExecutionListener@aba625]
19:29:57.542 [main] DEBUG org.springframework.test.context.support.AbstractDirtiesContextTestExecutionListener - Before test class: context [DefaultTestContext@1be2019a testClass = HelloWorldControllerTest, testInstance = [null], testMethod = [null], testException = [null], mergedContextConfiguration = [WebMergedContextConfiguration@29d80d2b testClass = HelloWorldControllerTest, locations = '{}', classes = '{class com.prueba.prueba.PruebaApplication}', contextInitializerClasses = '[]', activeProfiles = '{}', propertySourceLocations = '{}', propertySourceProperties = '{org.springframework.boot.test.context.SpringBootTestContextBootstrapper=true}', contextCustomizers = set[[ImportsContextCustomizer@58e1d9d key = [org.springframework.boot.test.autoconfigure.web.servlet.MockMvcAutoConfiguration, org.springframework.boot.test.autoconfigure.web.servlet.MockMvcWebClientAutoConfiguration, org.springframework.boot.test.autoconfigure.web.servlet.MockMvcWebDriverAutoConfiguration, org.springframework.boot.autoconfigure.security.oauth2.client.servlet.OAuth2ClientAutoConfiguration, org.springframework.boot.autoconfigure.security.oauth2.resource.servlet.OAuth2ResourceServerAutoConfiguration, org.springframework.boot.autoconfigure.security.servlet.SecurityAutoConfiguration, org.springframework.boot.autoconfigure.security.servlet.SecurityFilterAutoConfiguration, org.springframework.boot.autoconfigure.security.servlet.UserDetailsServiceAutoConfiguration, org.springframework.boot.test.autoconfigure.web.servlet.MockMvcSecurityConfiguration, org.springframework.boot.test.autoconfigure.web.reactive.WebTestClientAutoConfiguration]], org.springframework.boot.test.context.filter.ExcludeFilterContextCustomizer@62379589, org.springframework.boot.test.json.DuplicateJsonObjectContextCustomizerFactory$DuplicateJsonObjectContextCustomizer@776aec5c, org.springframework.boot.test.mock.mockito.MockitoContextCustomizer@df7012a6, org.springframework.boot.test.web.client.TestRestTemplateContextCustomizer@31190526, org.springframework.boot.test.autoconfigure.actuate.metrics.MetricsExportContextCustomizerFactory$DisableMetricExportContextCustomizer@233795b6, org.springframework.boot.test.autoconfigure.properties.PropertyMappingContextCustomizer@4b3fa0b3, org.springframework.boot.test.autoconfigure.web.servlet.WebDriverContextCustomizerFactory$Customizer@4d1c00d0, org.springframework.boot.test.context.SpringBootTestArgs@1, org.springframework.boot.test.context.SpringBootTestWebEnvironment@6d4b1c02], resourceBasePath = 'src/main/webapp', contextLoader = 'org.springframework.boot.test.context.SpringBootContextLoader', parent = [null]], attributes = map['org.springframework.test.context.web.ServletTestExecutionListener.activateListener' -> true]], class annotated with @DirtiesContext [false] with mode [null].

  .   ____          _            __ _ _
 /\\ / ___'_ __ _ _(_)_ __  __ _ \ \ \ \
( ( )\___ | '_ | '_| | '_ \/ _` | \ \ \ \
 \\/  ___)| |_)| | | | | || (_| |  ) ) ) )
  '  |____| .__|_| |_|_| |_\__, | / / / /
 =========|_|==============|___/=/_/_/_/
 :: Spring Boot ::      (v2.7.11-SNAPSHOT)

2023-04-06 19:29:57.883  INFO 1516 --- [           main] c.p.p.C.HelloWorldControllerTest         : Starting HelloWorldControllerTest using Java 1.8.0_361 on DESKTOP-NE5B5CE with PID 1516 (started by Temple in C:\Users\Temple\Desktop\pruebaS)
2023-04-06 19:29:57.884  INFO 1516 --- [           main] c.p.p.C.HelloWorldControllerTest         : No active profile set, falling back to 1 default profile: "default"
2023-04-06 19:29:58.551  INFO 1516 --- [           main] .s.d.r.c.RepositoryConfigurationDelegate : Bootstrapping Spring Data JPA repositories in DEFAULT mode.
2023-04-06 19:29:58.569  INFO 1516 --- [           main] .s.d.r.c.RepositoryConfigurationDelegate : Finished Spring Data repository scanning in 6 ms. Found 0 JPA repository interfaces.
2023-04-06 19:29:59.666  INFO 1516 --- [           main] com.zaxxer.hikari.HikariDataSource       : HikariPool-1 - Starting...
2023-04-06 19:29:59.904  INFO 1516 --- [           main] com.zaxxer.hikari.HikariDataSource       : HikariPool-1 - Start completed.
2023-04-06 19:29:59.972  INFO 1516 --- [           main] o.hibernate.jpa.internal.util.LogHelper  : HHH000204: Processing PersistenceUnitInfo [name: default]
2023-04-06 19:30:00.060  INFO 1516 --- [           main] org.hibernate.Version                    : HHH000412: Hibernate ORM core version 5.6.15.Final
2023-04-06 19:30:00.111  INFO 1516 --- [           main] o.hibernate.annotations.common.Version   : HCANN000001: Hibernate Commons Annotations {5.1.2.Final}
2023-04-06 19:30:00.268  INFO 1516 --- [           main] org.hibernate.dialect.Dialect            : HHH000400: Using dialect: org.hibernate.dialect.H2Dialect
2023-04-06 19:30:00.483  INFO 1516 --- [           main] o.h.e.t.j.p.i.JtaPlatformInitiator       : HHH000490: Using JtaPlatform implementation: [org.hibernate.engine.transaction.jta.platform.internal.NoJtaPlatform]
2023-04-06 19:30:00.495  INFO 1516 --- [           main] j.LocalContainerEntityManagerFactoryBean : Initialized JPA EntityManagerFactory for persistence unit 'default'
2023-04-06 19:30:00.717  WARN 1516 --- [           main] JpaBaseConfiguration$JpaWebConfiguration : spring.jpa.open-in-view is enabled by default. Therefore, database queries may be performed during view rendering. Explicitly configure spring.jpa.open-in-view to disable this warning
2023-04-06 19:30:01.295  INFO 1516 --- [           main] o.s.b.t.m.w.SpringBootMockServletContext : Initializing Spring TestDispatcherServlet ''
2023-04-06 19:30:01.295  INFO 1516 --- [           main] o.s.t.web.servlet.TestDispatcherServlet  : Initializing Servlet ''
2023-04-06 19:30:01.296  INFO 1516 --- [           main] o.s.t.web.servlet.TestDispatcherServlet  : Completed initialization in 1 ms
2023-04-06 19:30:01.317  INFO 1516 --- [           main] c.p.p.C.HelloWorldControllerTest         : Started HelloWorldControllerTest in 3.721 seconds (JVM running for 6.742)

MockHttpServletRequest:
      HTTP Method = GET
      Request URI = /despedida
       Parameters = {}
          Headers = []
             Body = null
    Session Attrs = {}

Handler:
             Type = com.prueba.prueba.Controller.HelloWorldController
           Method = com.prueba.prueba.Controller.HelloWorldController#despedida()

Async:
    Async started = false
     Async result = null

Resolved Exception:
             Type = null

ModelAndView:
        View name = null
             View = null
            Model = null

FlashMap:
       Attributes = null

MockHttpServletResponse:
           Status = 200
    Error message = null
          Headers = [Content-Type:"text/plain;charset=UTF-8", Content-Length:"7"]
     Content type = text/plain;charset=UTF-8
             Body = adioss!
    Forwarded URL = null
   Redirected URL = null
          Cookies = []
]]></system-out>
  </testcase>
  <testcase name="testHelloWorld" classname="com.prueba.prueba.ControllerTest.HelloWorldControllerTest" time="0.005"/>
</testsuite>